<?xml version="1.0" encoding="UTF-8"?>
<testsuites name="TSHealtcare" time="108.013" tests="9" failures="0" errors="0">
   <testsuite name="TSHealtcare" tests="9" failures="0" errors="0" time="108.013" skipped="0" timestamp="2023-11-05 11:35:53" hostname="KRESHNA PUTRA ADI - LAPTOP-7MTKCE68" id="Test Suites/TSHealtcare">
      <properties>
         <property name="deviceName" value=""/>
         <property name="devicePlatform" value=""/>
         <property name="logFolder" value="C:\\Users\\KRESHNA PUTRA ADI\\Katalon Studio\\KatalonPractitioner\\Reports\\20231105_113546\\TSHealtcare\\20231105_113546"/>
         <property name="logFiles" value="C:\\Users\\KRESHNA PUTRA ADI\\Katalon Studio\\KatalonPractitioner\\Reports\\20231105_113546\\TSHealtcare\\20231105_113546\\execution0.log"/>
         <property name="attachments" value=""/>
         <property name="hostName" value="KRESHNA PUTRA ADI - LAPTOP-7MTKCE68"/>
         <property name="os" value="Windows 11 64bit"/>
         <property name="katalonVersion" value="8.6.6.208"/>
         <property name="browser" value="Chrome 118.0.0.0"/>
         <property name="hostAddress" value="192.168.10.29"/>
         <property name="sessionId" value="d2b9c859688d4a5efa5c3b5e268cd788"/>
         <property name="seleniumVersion" value="3.141.59"/>
         <property name="proxyInformation" value="ProxyInformation { proxyOption=NO_PROXY, proxyServerType=HTTP, username=, password=********, proxyServerAddress=, proxyServerPort=0, executionList=&quot;&quot;, isApplyToDesiredCapabilities=true }"/>
         <property name="platform" value="Windows 11"/>
      </properties>
      <testcase name="Test Cases/Healthcare/Auth/LoginSuccess" time="12.552" classname="Test Cases/Healthcare/Auth/LoginSuccess" status="PASSED">
         <system-out><![CDATA[2023-11-05 11:35:53 - [TEST_CASE][PASSED] - Test Cases/Healthcare/Auth/LoginSuccess: Test Cases/Healthcare/Auth/LoginSuccess

2023-11-05 11:35:54 - [TEST_STEP][PASSED] - openBrowser(""): Browser is opened with url: ''

2023-11-05 11:35:54 - [MESSAGE][INFO] - Starting 'Chrome' driver

2023-11-05 11:35:54 - [MESSAGE][INFO] - Action delay is set to 0 milliseconds

2023-11-05 11:35:56 - [MESSAGE][PASSED] - Browser is opened with url: ''

2023-11-05 11:35:56 - [TEST_STEP][PASSED] - navigateToUrl("https://katalon-demo-cura.herokuapp.com/"): Navigate to 'https://katalon-demo-cura.herokuapp.com/' successfully

2023-11-05 11:36:02 - [MESSAGE][PASSED] - Navigate to 'https://katalon-demo-cura.herokuapp.com/' successfully

2023-11-05 11:36:02 - [TEST_STEP][PASSED] - click(findTestObject("Object Repository/Page_CURA Healthcare Service/a_CURA Healthcare_menu-toggle")): Object: 'Object Repository/Page_CURA Healthcare Service/a_CURA Healthcare_menu-toggle' is clicked on

2023-11-05 11:36:02 - [MESSAGE][PASSED] - Object: 'Object Repository/Page_CURA Healthcare Service/a_CURA Healthcare_menu-toggle' is clicked on

2023-11-05 11:36:02 - [TEST_STEP][PASSED] - click(findTestObject("Object Repository/Page_CURA Healthcare Service/a_Login")): Object: 'Object Repository/Page_CURA Healthcare Service/a_Login' is clicked on

2023-11-05 11:36:03 - [MESSAGE][PASSED] - Object: 'Object Repository/Page_CURA Healthcare Service/a_Login' is clicked on

2023-11-05 11:36:03 - [TEST_STEP][PASSED] - setText(findTestObject("Object Repository/Page_CURA Healthcare Service/input_Username_username"), "John Doe"): Text 'John Doe' is set on object 'Object Repository/Page_CURA Healthcare Service/input_Username_username'

2023-11-05 11:36:04 - [MESSAGE][PASSED] - Text 'John Doe' is set on object 'Object Repository/Page_CURA Healthcare Service/input_Username_username'

2023-11-05 11:36:04 - [TEST_STEP][PASSED] - setEncryptedText(findTestObject("Object Repository/Page_CURA Healthcare Service/input_Password_password"), "g3/DOGG74jC3Flrr3yH+3D/yKbOqqUNM"): Text ****** has been set on object 'Object Repository/Page_CURA Healthcare Service/input_Password_password'

2023-11-05 11:36:05 - [MESSAGE][PASSED] - Text ****** has been set on object 'Object Repository/Page_CURA Healthcare Service/input_Password_password'

2023-11-05 11:36:05 - [TEST_STEP][PASSED] - click(findTestObject("Object Repository/Page_CURA Healthcare Service/button_Login")): Object: 'Object Repository/Page_CURA Healthcare Service/button_Login' is clicked on

2023-11-05 11:36:06 - [MESSAGE][PASSED] - Object: 'Object Repository/Page_CURA Healthcare Service/button_Login' is clicked on]]></system-out>
         <system-err><![CDATA[]]></system-err>
      </testcase>
      <testcase name="Test Cases/Healthcare/Auth/LoginFailedUsername" time="11.11" classname="Test Cases/Healthcare/Auth/LoginFailedUsername" status="PASSED">
         <system-out><![CDATA[2023-11-05 11:36:06 - [TEST_CASE][PASSED] - Test Cases/Healthcare/Auth/LoginFailedUsername: Test Cases/Healthcare/Auth/LoginFailedUsername

2023-11-05 11:36:06 - [TEST_STEP][PASSED] - openBrowser(""): Browser is opened with url: ''

2023-11-05 11:36:06 - [MESSAGE][WARNING] - A browser is already opened. Closing browser and opening a new one

2023-11-05 11:36:07 - [MESSAGE][INFO] - Starting 'Chrome' driver

2023-11-05 11:36:07 - [MESSAGE][INFO] - Action delay is set to 0 milliseconds

2023-11-05 11:36:09 - [MESSAGE][PASSED] - Browser is opened with url: ''

2023-11-05 11:36:09 - [TEST_STEP][PASSED] - navigateToUrl("https://katalon-demo-cura.herokuapp.com/"): Navigate to 'https://katalon-demo-cura.herokuapp.com/' successfully

2023-11-05 11:36:13 - [MESSAGE][PASSED] - Navigate to 'https://katalon-demo-cura.herokuapp.com/' successfully

2023-11-05 11:36:13 - [TEST_STEP][PASSED] - click(findTestObject("Object Repository/Page_CURA Healthcare Service/i_CURA Healthcare_fa fa-bars")): Object: 'Object Repository/Page_CURA Healthcare Service/i_CURA Healthcare_fa fa-bars' is clicked on

2023-11-05 11:36:14 - [MESSAGE][PASSED] - Object: 'Object Repository/Page_CURA Healthcare Service/i_CURA Healthcare_fa fa-bars' is clicked on

2023-11-05 11:36:14 - [TEST_STEP][PASSED] - click(findTestObject("Page_CURA Healthcare Service/a_Login")): Object: 'Object Repository/Page_CURA Healthcare Service/a_Login' is clicked on

2023-11-05 11:36:15 - [MESSAGE][PASSED] - Object: 'Object Repository/Page_CURA Healthcare Service/a_Login' is clicked on

2023-11-05 11:36:15 - [TEST_STEP][PASSED] - setText(findTestObject("Page_CURA Healthcare Service/input_Username_username"), "Budi Anduk"): Text 'Budi Anduk' is set on object 'Object Repository/Page_CURA Healthcare Service/input_Username_username'

2023-11-05 11:36:16 - [MESSAGE][PASSED] - Text 'Budi Anduk' is set on object 'Object Repository/Page_CURA Healthcare Service/input_Username_username'

2023-11-05 11:36:16 - [TEST_STEP][PASSED] - setEncryptedText(findTestObject("Page_CURA Healthcare Service/input_Password_password"), "g3/DOGG74jC3Flrr3yH+3D/yKbOqqUNM"): Text ****** has been set on object 'Object Repository/Page_CURA Healthcare Service/input_Password_password'

2023-11-05 11:36:16 - [MESSAGE][PASSED] - Text ****** has been set on object 'Object Repository/Page_CURA Healthcare Service/input_Password_password'

2023-11-05 11:36:16 - [TEST_STEP][PASSED] - click(findTestObject("Page_CURA Healthcare Service/button_Login")): Object: 'Object Repository/Page_CURA Healthcare Service/button_Login' is clicked on

2023-11-05 11:36:17 - [MESSAGE][PASSED] - Object: 'Object Repository/Page_CURA Healthcare Service/button_Login' is clicked on]]></system-out>
         <system-err><![CDATA[]]></system-err>
      </testcase>
      <testcase name="Test Cases/Healthcare/Auth/LoginFailedPassword" time="11.301" classname="Test Cases/Healthcare/Auth/LoginFailedPassword" status="PASSED">
         <system-out><![CDATA[2023-11-05 11:36:17 - [TEST_CASE][PASSED] - Test Cases/Healthcare/Auth/LoginFailedPassword: Test Cases/Healthcare/Auth/LoginFailedPassword

2023-11-05 11:36:17 - [TEST_STEP][PASSED] - openBrowser(""): Browser is opened with url: ''

2023-11-05 11:36:17 - [MESSAGE][WARNING] - A browser is already opened. Closing browser and opening a new one

2023-11-05 11:36:18 - [MESSAGE][INFO] - Starting 'Chrome' driver

2023-11-05 11:36:18 - [MESSAGE][INFO] - Action delay is set to 0 milliseconds

2023-11-05 11:36:20 - [MESSAGE][PASSED] - Browser is opened with url: ''

2023-11-05 11:36:20 - [TEST_STEP][PASSED] - navigateToUrl("https://katalon-demo-cura.herokuapp.com/"): Navigate to 'https://katalon-demo-cura.herokuapp.com/' successfully

2023-11-05 11:36:25 - [MESSAGE][PASSED] - Navigate to 'https://katalon-demo-cura.herokuapp.com/' successfully

2023-11-05 11:36:25 - [TEST_STEP][PASSED] - click(findTestObject("Object Repository/Page_CURA Healthcare Service/Page_CURA Healthcare Service/i_CURA Healthcare_fa fa-bars")): Object: 'Object Repository/Page_CURA Healthcare Service/Page_CURA Healthcare Service/i_CURA Healthcare_fa fa-bars' is clicked on

2023-11-05 11:36:25 - [MESSAGE][PASSED] - Object: 'Object Repository/Page_CURA Healthcare Service/Page_CURA Healthcare Service/i_CURA Healthcare_fa fa-bars' is clicked on

2023-11-05 11:36:25 - [TEST_STEP][PASSED] - click(findTestObject("Object Repository/Page_CURA Healthcare Service/Page_CURA Healthcare Service/a_Login")): Object: 'Object Repository/Page_CURA Healthcare Service/Page_CURA Healthcare Service/a_Login' is clicked on

2023-11-05 11:36:26 - [MESSAGE][PASSED] - Object: 'Object Repository/Page_CURA Healthcare Service/Page_CURA Healthcare Service/a_Login' is clicked on

2023-11-05 11:36:26 - [TEST_STEP][PASSED] - setText(findTestObject("Object Repository/Page_CURA Healthcare Service/Page_CURA Healthcare Service/input_Username_username"), "John Doe"): Text 'John Doe' is set on object 'Object Repository/Page_CURA Healthcare Service/Page_CURA Healthcare Service/input_Username_username'

2023-11-05 11:36:27 - [MESSAGE][PASSED] - Text 'John Doe' is set on object 'Object Repository/Page_CURA Healthcare Service/Page_CURA Healthcare Service/input_Username_username'

2023-11-05 11:36:27 - [TEST_STEP][PASSED] - setEncryptedText(findTestObject("Object Repository/Page_CURA Healthcare Service/Page_CURA Healthcare Service/input_Password_password"), "HmrGm9h9Lhv0hmTD06Fuuw=="): Text ****** has been set on object 'Object Repository/Page_CURA Healthcare Service/Page_CURA Healthcare Service/input_Password_password'

2023-11-05 11:36:27 - [MESSAGE][PASSED] - Text ****** has been set on object 'Object Repository/Page_CURA Healthcare Service/Page_CURA Healthcare Service/input_Password_password'

2023-11-05 11:36:27 - [TEST_STEP][PASSED] - click(findTestObject("Object Repository/Page_CURA Healthcare Service/Page_CURA Healthcare Service/button_Login")): Object: 'Object Repository/Page_CURA Healthcare Service/Page_CURA Healthcare Service/button_Login' is clicked on

2023-11-05 11:36:28 - [MESSAGE][PASSED] - Object: 'Object Repository/Page_CURA Healthcare Service/Page_CURA Healthcare Service/button_Login' is clicked on]]></system-out>
         <system-err><![CDATA[]]></system-err>
      </testcase>
      <testcase name="Test Cases/Healthcare/Homepage" time="10.203" classname="Test Cases/Healthcare/Homepage" status="PASSED">
         <system-out><![CDATA[2023-11-05 11:36:28 - [TEST_CASE][PASSED] - Test Cases/Healthcare/Homepage: Test Cases/Healthcare/Homepage

2023-11-05 11:36:29 - [TEST_STEP][PASSED] - openBrowser(""): Browser is opened with url: ''

2023-11-05 11:36:29 - [MESSAGE][WARNING] - A browser is already opened. Closing browser and opening a new one

2023-11-05 11:36:29 - [MESSAGE][INFO] - Starting 'Chrome' driver

2023-11-05 11:36:29 - [MESSAGE][INFO] - Action delay is set to 0 milliseconds

2023-11-05 11:36:31 - [MESSAGE][PASSED] - Browser is opened with url: ''

2023-11-05 11:36:31 - [TEST_STEP][PASSED] - navigateToUrl("https://katalon-demo-cura.herokuapp.com/"): Navigate to 'https://katalon-demo-cura.herokuapp.com/' successfully

2023-11-05 11:36:39 - [MESSAGE][PASSED] - Navigate to 'https://katalon-demo-cura.herokuapp.com/' successfully]]></system-out>
         <system-err><![CDATA[]]></system-err>
      </testcase>
      <testcase name="Test Cases/Healthcare/HandlingOptions" time="13.026" classname="Test Cases/Healthcare/HandlingOptions" status="PASSED">
         <system-out><![CDATA[2023-11-05 11:36:39 - [TEST_CASE][PASSED] - Test Cases/Healthcare/HandlingOptions: Test Cases/Healthcare/HandlingOptions

2023-11-05 11:36:39 - [TEST_STEP][PASSED] - openBrowser(""): Browser is opened with url: ''

2023-11-05 11:36:39 - [MESSAGE][WARNING] - A browser is already opened. Closing browser and opening a new one

2023-11-05 11:36:39 - [MESSAGE][INFO] - Starting 'Chrome' driver

2023-11-05 11:36:39 - [MESSAGE][INFO] - Action delay is set to 0 milliseconds

2023-11-05 11:36:41 - [MESSAGE][PASSED] - Browser is opened with url: ''

2023-11-05 11:36:41 - [TEST_STEP][PASSED] - navigateToUrl("https://katalon-demo-cura.herokuapp.com/"): Navigate to 'https://katalon-demo-cura.herokuapp.com/' successfully

2023-11-05 11:36:46 - [MESSAGE][PASSED] - Navigate to 'https://katalon-demo-cura.herokuapp.com/' successfully

2023-11-05 11:36:46 - [TEST_STEP][PASSED] - click(findTestObject("Page_CURA Healthcare Service/a_CURA Healthcare_menu-toggle")): Object: 'Object Repository/Page_CURA Healthcare Service/a_CURA Healthcare_menu-toggle' is clicked on

2023-11-05 11:36:47 - [MESSAGE][PASSED] - Object: 'Object Repository/Page_CURA Healthcare Service/a_CURA Healthcare_menu-toggle' is clicked on

2023-11-05 11:36:47 - [TEST_STEP][PASSED] - click(findTestObject("Page_CURA Healthcare Service/a_Login")): Object: 'Object Repository/Page_CURA Healthcare Service/a_Login' is clicked on

2023-11-05 11:36:47 - [MESSAGE][PASSED] - Object: 'Object Repository/Page_CURA Healthcare Service/a_Login' is clicked on

2023-11-05 11:36:47 - [TEST_STEP][PASSED] - setText(findTestObject("Page_CURA Healthcare Service/input_Username_username"), "John Doe"): Text 'John Doe' is set on object 'Object Repository/Page_CURA Healthcare Service/input_Username_username'

2023-11-05 11:36:48 - [MESSAGE][PASSED] - Text 'John Doe' is set on object 'Object Repository/Page_CURA Healthcare Service/input_Username_username'

2023-11-05 11:36:48 - [TEST_STEP][PASSED] - setEncryptedText(findTestObject("Page_CURA Healthcare Service/input_Password_password"), "g3/DOGG74jC3Flrr3yH+3D/yKbOqqUNM"): Text ****** has been set on object 'Object Repository/Page_CURA Healthcare Service/input_Password_password'

2023-11-05 11:36:49 - [MESSAGE][PASSED] - Text ****** has been set on object 'Object Repository/Page_CURA Healthcare Service/input_Password_password'

2023-11-05 11:36:49 - [TEST_STEP][PASSED] - click(findTestObject("Page_CURA Healthcare Service/button_Login")): Object: 'Object Repository/Page_CURA Healthcare Service/button_Login' is clicked on

2023-11-05 11:36:50 - [MESSAGE][PASSED] - Object: 'Object Repository/Page_CURA Healthcare Service/button_Login' is clicked on

2023-11-05 11:36:50 - [TEST_STEP][PASSED] - selectOptionByIndex(findTestObject("Page_CURA Healthcare Service/selectFacility"), 2): All options with index in [2] are selected on object 'Object Repository/Page_CURA Healthcare Service/selectFacility'

2023-11-05 11:36:52 - [MESSAGE][PASSED] - All options with index in [2] are selected on object 'Object Repository/Page_CURA Healthcare Service/selectFacility']]></system-out>
         <system-err><![CDATA[]]></system-err>
      </testcase>
      <testcase name="Test Cases/Healthcare/ClickRadioButton" time="11.927" classname="Test Cases/Healthcare/ClickRadioButton" status="PASSED">
         <system-out><![CDATA[2023-11-05 11:36:52 - [TEST_CASE][PASSED] - Test Cases/Healthcare/ClickRadioButton: Test Cases/Healthcare/ClickRadioButton

2023-11-05 11:36:52 - [TEST_STEP][PASSED] - openBrowser(""): Browser is opened with url: ''

2023-11-05 11:36:52 - [MESSAGE][WARNING] - A browser is already opened. Closing browser and opening a new one

2023-11-05 11:36:53 - [MESSAGE][INFO] - Starting 'Chrome' driver

2023-11-05 11:36:53 - [MESSAGE][INFO] - Action delay is set to 0 milliseconds

2023-11-05 11:36:54 - [MESSAGE][PASSED] - Browser is opened with url: ''

2023-11-05 11:36:54 - [TEST_STEP][PASSED] - navigateToUrl("https://katalon-demo-cura.herokuapp.com/"): Navigate to 'https://katalon-demo-cura.herokuapp.com/' successfully

2023-11-05 11:36:59 - [MESSAGE][PASSED] - Navigate to 'https://katalon-demo-cura.herokuapp.com/' successfully

2023-11-05 11:36:59 - [TEST_STEP][PASSED] - click(findTestObject("Page_CURA Healthcare Service/i_CURA Healthcare_fa fa-bars")): Object: 'Object Repository/Page_CURA Healthcare Service/i_CURA Healthcare_fa fa-bars' is clicked on

2023-11-05 11:37:00 - [MESSAGE][PASSED] - Object: 'Object Repository/Page_CURA Healthcare Service/i_CURA Healthcare_fa fa-bars' is clicked on

2023-11-05 11:37:00 - [TEST_STEP][PASSED] - click(findTestObject("Page_CURA Healthcare Service/a_Login")): Object: 'Object Repository/Page_CURA Healthcare Service/a_Login' is clicked on

2023-11-05 11:37:01 - [MESSAGE][PASSED] - Object: 'Object Repository/Page_CURA Healthcare Service/a_Login' is clicked on

2023-11-05 11:37:01 - [TEST_STEP][PASSED] - setText(findTestObject("Page_CURA Healthcare Service/input_Username_username"), "John Doe"): Text 'John Doe' is set on object 'Object Repository/Page_CURA Healthcare Service/input_Username_username'

2023-11-05 11:37:02 - [MESSAGE][PASSED] - Text 'John Doe' is set on object 'Object Repository/Page_CURA Healthcare Service/input_Username_username'

2023-11-05 11:37:02 - [TEST_STEP][PASSED] - setEncryptedText(findTestObject("Page_CURA Healthcare Service/input_Password_password"), "g3/DOGG74jC3Flrr3yH+3D/yKbOqqUNM"): Text ****** has been set on object 'Object Repository/Page_CURA Healthcare Service/input_Password_password'

2023-11-05 11:37:02 - [MESSAGE][PASSED] - Text ****** has been set on object 'Object Repository/Page_CURA Healthcare Service/input_Password_password'

2023-11-05 11:37:02 - [TEST_STEP][PASSED] - click(findTestObject("Page_CURA Healthcare Service/button_Login")): Object: 'Object Repository/Page_CURA Healthcare Service/button_Login' is clicked on

2023-11-05 11:37:03 - [MESSAGE][PASSED] - Object: 'Object Repository/Page_CURA Healthcare Service/button_Login' is clicked on

2023-11-05 11:37:03 - [TEST_STEP][PASSED] - click(findTestObject("Object Repository/Page_CURA Healthcare Service/input_Medicaid_programs")): Object: 'Object Repository/Page_CURA Healthcare Service/input_Medicaid_programs' is clicked on

2023-11-05 11:37:03 - [MESSAGE][PASSED] - Object: 'Object Repository/Page_CURA Healthcare Service/input_Medicaid_programs' is clicked on]]></system-out>
         <system-err><![CDATA[]]></system-err>
      </testcase>
      <testcase name="Test Cases/Healthcare/ClickDatePicker" time="11.801" classname="Test Cases/Healthcare/ClickDatePicker" status="PASSED">
         <system-out><![CDATA[2023-11-05 11:37:03 - [TEST_CASE][PASSED] - Test Cases/Healthcare/ClickDatePicker: Test Cases/Healthcare/ClickDatePicker

2023-11-05 11:37:04 - [TEST_STEP][PASSED] - openBrowser(""): Browser is opened with url: ''

2023-11-05 11:37:04 - [MESSAGE][WARNING] - A browser is already opened. Closing browser and opening a new one

2023-11-05 11:37:04 - [MESSAGE][INFO] - Starting 'Chrome' driver

2023-11-05 11:37:04 - [MESSAGE][INFO] - Action delay is set to 0 milliseconds

2023-11-05 11:37:06 - [MESSAGE][PASSED] - Browser is opened with url: ''

2023-11-05 11:37:06 - [TEST_STEP][PASSED] - navigateToUrl("https://katalon-demo-cura.herokuapp.com/"): Navigate to 'https://katalon-demo-cura.herokuapp.com/' successfully

2023-11-05 11:37:10 - [MESSAGE][PASSED] - Navigate to 'https://katalon-demo-cura.herokuapp.com/' successfully

2023-11-05 11:37:10 - [TEST_STEP][PASSED] - click(findTestObject("Page_CURA Healthcare Service/i_CURA Healthcare_fa fa-bars")): Object: 'Object Repository/Page_CURA Healthcare Service/i_CURA Healthcare_fa fa-bars' is clicked on

2023-11-05 11:37:11 - [MESSAGE][PASSED] - Object: 'Object Repository/Page_CURA Healthcare Service/i_CURA Healthcare_fa fa-bars' is clicked on

2023-11-05 11:37:11 - [TEST_STEP][PASSED] - click(findTestObject("Page_CURA Healthcare Service/a_Login")): Object: 'Object Repository/Page_CURA Healthcare Service/a_Login' is clicked on

2023-11-05 11:37:12 - [MESSAGE][PASSED] - Object: 'Object Repository/Page_CURA Healthcare Service/a_Login' is clicked on

2023-11-05 11:37:12 - [TEST_STEP][PASSED] - setText(findTestObject("Page_CURA Healthcare Service/input_Username_username"), "John Doe"): Text 'John Doe' is set on object 'Object Repository/Page_CURA Healthcare Service/input_Username_username'

2023-11-05 11:37:13 - [MESSAGE][PASSED] - Text 'John Doe' is set on object 'Object Repository/Page_CURA Healthcare Service/input_Username_username'

2023-11-05 11:37:13 - [TEST_STEP][PASSED] - setEncryptedText(findTestObject("Page_CURA Healthcare Service/input_Password_password"), "g3/DOGG74jC3Flrr3yH+3D/yKbOqqUNM"): Text ****** has been set on object 'Object Repository/Page_CURA Healthcare Service/input_Password_password'

2023-11-05 11:37:13 - [MESSAGE][PASSED] - Text ****** has been set on object 'Object Repository/Page_CURA Healthcare Service/input_Password_password'

2023-11-05 11:37:13 - [TEST_STEP][PASSED] - click(findTestObject("Page_CURA Healthcare Service/button_Login")): Object: 'Object Repository/Page_CURA Healthcare Service/button_Login' is clicked on

2023-11-05 11:37:14 - [MESSAGE][PASSED] - Object: 'Object Repository/Page_CURA Healthcare Service/button_Login' is clicked on

2023-11-05 11:37:14 - [TEST_STEP][PASSED] - click(findTestObject("Page_CURA Healthcare Service/Date/datepicker")): Object: 'Object Repository/Page_CURA Healthcare Service/Date/datepicker' is clicked on

2023-11-05 11:37:15 - [MESSAGE][PASSED] - Object: 'Object Repository/Page_CURA Healthcare Service/Date/datepicker' is clicked on

2023-11-05 11:37:15 - [TEST_STEP][PASSED] - click(findTestObject("Page_CURA Healthcare Service/Date/dateitem")): Object: 'Object Repository/Page_CURA Healthcare Service/Date/dateitem' is clicked on

2023-11-05 11:37:15 - [MESSAGE][PASSED] - Object: 'Object Repository/Page_CURA Healthcare Service/Date/dateitem' is clicked on]]></system-out>
         <system-err><![CDATA[]]></system-err>
      </testcase>
      <testcase name="Test Cases/Healthcare/ClickComment" time="13.026" classname="Test Cases/Healthcare/ClickComment" status="PASSED">
         <system-out><![CDATA[2023-11-05 11:37:15 - [TEST_CASE][PASSED] - Test Cases/Healthcare/ClickComment: Test Cases/Healthcare/ClickComment

2023-11-05 11:37:16 - [TEST_STEP][PASSED] - openBrowser(""): Browser is opened with url: ''

2023-11-05 11:37:16 - [MESSAGE][WARNING] - A browser is already opened. Closing browser and opening a new one

2023-11-05 11:37:16 - [MESSAGE][INFO] - Starting 'Chrome' driver

2023-11-05 11:37:16 - [MESSAGE][INFO] - Action delay is set to 0 milliseconds

2023-11-05 11:37:18 - [MESSAGE][PASSED] - Browser is opened with url: ''

2023-11-05 11:37:18 - [TEST_STEP][PASSED] - navigateToUrl("https://katalon-demo-cura.herokuapp.com/"): Navigate to 'https://katalon-demo-cura.herokuapp.com/' successfully

2023-11-05 11:37:24 - [MESSAGE][PASSED] - Navigate to 'https://katalon-demo-cura.herokuapp.com/' successfully

2023-11-05 11:37:24 - [TEST_STEP][PASSED] - click(findTestObject("Page_CURA Healthcare Service/i_CURA Healthcare_fa fa-bars")): Object: 'Object Repository/Page_CURA Healthcare Service/i_CURA Healthcare_fa fa-bars' is clicked on

2023-11-05 11:37:24 - [MESSAGE][PASSED] - Object: 'Object Repository/Page_CURA Healthcare Service/i_CURA Healthcare_fa fa-bars' is clicked on

2023-11-05 11:37:24 - [TEST_STEP][PASSED] - click(findTestObject("Page_CURA Healthcare Service/a_Login")): Object: 'Object Repository/Page_CURA Healthcare Service/a_Login' is clicked on

2023-11-05 11:37:25 - [MESSAGE][PASSED] - Object: 'Object Repository/Page_CURA Healthcare Service/a_Login' is clicked on

2023-11-05 11:37:25 - [TEST_STEP][PASSED] - setText(findTestObject("Page_CURA Healthcare Service/input_Username_username"), "John Doe"): Text 'John Doe' is set on object 'Object Repository/Page_CURA Healthcare Service/input_Username_username'

2023-11-05 11:37:26 - [MESSAGE][PASSED] - Text 'John Doe' is set on object 'Object Repository/Page_CURA Healthcare Service/input_Username_username'

2023-11-05 11:37:26 - [TEST_STEP][PASSED] - setEncryptedText(findTestObject("Page_CURA Healthcare Service/input_Password_password"), "g3/DOGG74jC3Flrr3yH+3D/yKbOqqUNM"): Text ****** has been set on object 'Object Repository/Page_CURA Healthcare Service/input_Password_password'

2023-11-05 11:37:26 - [MESSAGE][PASSED] - Text ****** has been set on object 'Object Repository/Page_CURA Healthcare Service/input_Password_password'

2023-11-05 11:37:26 - [TEST_STEP][PASSED] - click(findTestObject("Page_CURA Healthcare Service/button_Login")): Object: 'Object Repository/Page_CURA Healthcare Service/button_Login' is clicked on

2023-11-05 11:37:28 - [MESSAGE][PASSED] - Object: 'Object Repository/Page_CURA Healthcare Service/button_Login' is clicked on

2023-11-05 11:37:28 - [TEST_STEP][PASSED] - setText(findTestObject("Object Repository/Page_CURA Healthcare Service/textarea_Comment_comment"), "lorem ipsum"): Text 'lorem ipsum' is set on object 'Object Repository/Page_CURA Healthcare Service/textarea_Comment_comment'

2023-11-05 11:37:28 - [MESSAGE][PASSED] - Text 'lorem ipsum' is set on object 'Object Repository/Page_CURA Healthcare Service/textarea_Comment_comment']]></system-out>
         <system-err><![CDATA[]]></system-err>
      </testcase>
      <testcase name="Test Cases/Healthcare/ClickApply" time="12.828" classname="Test Cases/Healthcare/ClickApply" status="PASSED">
         <system-out><![CDATA[2023-11-05 11:37:28 - [TEST_CASE][PASSED] - Test Cases/Healthcare/ClickApply: Test Cases/Healthcare/ClickApply

2023-11-05 11:37:29 - [TEST_STEP][PASSED] - openBrowser(""): Browser is opened with url: ''

2023-11-05 11:37:29 - [MESSAGE][WARNING] - A browser is already opened. Closing browser and opening a new one

2023-11-05 11:37:29 - [MESSAGE][INFO] - Starting 'Chrome' driver

2023-11-05 11:37:29 - [MESSAGE][INFO] - Action delay is set to 0 milliseconds

2023-11-05 11:37:31 - [MESSAGE][PASSED] - Browser is opened with url: ''

2023-11-05 11:37:31 - [TEST_STEP][PASSED] - navigateToUrl("https://katalon-demo-cura.herokuapp.com/"): Navigate to 'https://katalon-demo-cura.herokuapp.com/' successfully

2023-11-05 11:37:37 - [MESSAGE][PASSED] - Navigate to 'https://katalon-demo-cura.herokuapp.com/' successfully

2023-11-05 11:37:37 - [TEST_STEP][PASSED] - click(findTestObject("Page_CURA Healthcare Service/a_CURA Healthcare_menu-toggle")): Object: 'Object Repository/Page_CURA Healthcare Service/a_CURA Healthcare_menu-toggle' is clicked on

2023-11-05 11:37:37 - [MESSAGE][PASSED] - Object: 'Object Repository/Page_CURA Healthcare Service/a_CURA Healthcare_menu-toggle' is clicked on

2023-11-05 11:37:37 - [TEST_STEP][PASSED] - click(findTestObject("Page_CURA Healthcare Service/a_Login")): Object: 'Object Repository/Page_CURA Healthcare Service/a_Login' is clicked on

2023-11-05 11:37:39 - [MESSAGE][PASSED] - Object: 'Object Repository/Page_CURA Healthcare Service/a_Login' is clicked on

2023-11-05 11:37:39 - [TEST_STEP][PASSED] - setText(findTestObject("Page_CURA Healthcare Service/input_Username_username"), "John Doe"): Text 'John Doe' is set on object 'Object Repository/Page_CURA Healthcare Service/input_Username_username'

2023-11-05 11:37:39 - [MESSAGE][PASSED] - Text 'John Doe' is set on object 'Object Repository/Page_CURA Healthcare Service/input_Username_username'

2023-11-05 11:37:39 - [TEST_STEP][PASSED] - setEncryptedText(findTestObject("Page_CURA Healthcare Service/input_Password_password"), "g3/DOGG74jC3Flrr3yH+3D/yKbOqqUNM"): Text ****** has been set on object 'Object Repository/Page_CURA Healthcare Service/input_Password_password'

2023-11-05 11:37:40 - [MESSAGE][PASSED] - Text ****** has been set on object 'Object Repository/Page_CURA Healthcare Service/input_Password_password'

2023-11-05 11:37:40 - [TEST_STEP][PASSED] - click(findTestObject("Page_CURA Healthcare Service/button_Login")): Object: 'Object Repository/Page_CURA Healthcare Service/button_Login' is clicked on

2023-11-05 11:37:41 - [MESSAGE][PASSED] - Object: 'Object Repository/Page_CURA Healthcare Service/button_Login' is clicked on

2023-11-05 11:37:41 - [TEST_STEP][PASSED] - click(findTestObject("Object Repository/Page_CURA Healthcare Service/input_Apply for hospital readmission_hospit_63901f")): Object: 'Object Repository/Page_CURA Healthcare Service/input_Apply for hospital readmission_hospit_63901f' is clicked on

2023-11-05 11:37:41 - [MESSAGE][PASSED] - Object: 'Object Repository/Page_CURA Healthcare Service/input_Apply for hospital readmission_hospit_63901f' is clicked on]]></system-out>
         <system-err><![CDATA[]]></system-err>
      </testcase>
      <system-out><![CDATA[2023-11-05 11:35:53 - [TEST_SUITE][PASSED] - TSHealtcare: Test Cases/Healthcare/ClickApply]]></system-out>
      <system-err><![CDATA[]]></system-err>
   </testsuite>
</testsuites>
