<?xml version="1.0" encoding="UTF-8"?>
<testsuites name="TSHealtcare" time="722.809" tests="9" failures="0" errors="0">
   <testsuite name="TSHealtcare" tests="9" failures="0" errors="0" time="722.809" skipped="0" timestamp="2023-11-05 11:41:34" hostname="KRESHNA PUTRA ADI - LAPTOP-7MTKCE68" id="Test Suites/TSHealtcare">
      <properties>
         <property name="deviceName"/>
         <property name="devicePlatform" value="WINDOWS"/>
         <property name="logFolder" value="C:\\Users\\KRESHNA PUTRA ADI\\Katalon Studio\\KatalonPractitioner\\Reports\\20231105_114124\\TSHealtcare\\20231105_114126"/>
         <property name="logFiles" value="C:\\Users\\KRESHNA PUTRA ADI\\Katalon Studio\\KatalonPractitioner\\Reports\\20231105_114124\\TSHealtcare\\20231105_114126\\execution0.log"/>
         <property name="attachments" value=""/>
         <property name="hostName" value="KRESHNA PUTRA ADI - LAPTOP-7MTKCE68"/>
         <property name="remoteDriverUrl" value="testcloud.katalon.com/hub"/>
         <property name="desiredCapabilities" value="{
  &quot;timeouts&quot;: {
    &quot;implicit&quot;: 0,
    &quot;pageLoad&quot;: 300000,
    &quot;script&quot;: 30000
  },
  &quot;platform&quot;: &quot;WINDOWS&quot;,
  &quot;goog:chromeOptions&quot;: {
    &quot;debuggerAddress&quot;: &quot;&quot;
  },
  &quot;requestId&quot;: &quot;252dee89-0a8b-4acd-9b88-237bad8f1026&quot;,
  &quot;webauthn:extension:credBlob&quot;: true,
  &quot;acceptInsecureCerts&quot;: true,
  &quot;browserVersion&quot;: &quot;118.0.0.0&quot;,
  &quot;browserName&quot;: &quot;chrome&quot;,
  &quot;javascriptEnabled&quot;: true,
  &quot;katalon:option&quot;: {
    &quot;unlimitedExecutionMinutes&quot;: true,
    &quot;userId&quot;: 1322959,
    &quot;organizationId&quot;: &quot;1277523&quot;,
    &quot;class&quot;: &quot;com.katalon.testcloud.grid.common.tunnel.domain.UserOptionCapability&quot;,
    &quot;runFromTestCloud&quot;: true,
    &quot;usingTunnel&quot;: false
  },
  &quot;platformName&quot;: &quot;WINDOWS&quot;,
  &quot;setWindowRect&quot;: true,
  &quot;webauthn:extension:largeBlob&quot;: true,
  &quot;networkConnectionEnabled&quot;: false,
  &quot;chrome&quot;: {
    &quot;chromedriverVersion&quot;: &quot;118.0&quot;,
    &quot;userDataDir&quot;: &quot;\&quot;C:\\\\Windows\\\\proxy\\\\scoped_dir13044_321754463&quot;
  },
  &quot;os&quot;: &quot;windows&quot;,
  &quot;pageLoadStrategy&quot;: &quot;normal&quot;,
  &quot;unhandledPromptBehavior&quot;: &quot;dismiss and notify&quot;,
  &quot;strictFileInteractability&quot;: false,
  &quot;***:loadExtension&quot;: [
    &quot;https://prod-magicleap-user-files-us-east-1-v1.s3.amazonaws.com/extensions/orgId-691279/SmartWait.zip&quot;
  ],
  &quot;version&quot;: &quot;118&quot;,
  &quot;se:cdp&quot;: &quot;ws://172.48.39.146:4444/session/0KJS5-CA8YA-MRRMA-EHTV5/se/cdp&quot;,
  &quot;se:bidiEnabled&quot;: false,
  &quot;proxy&quot;: {
    &quot;proxyType&quot;: &quot;UNSPECIFIED&quot;,
    &quot;autodetect&quot;: false
  },
  &quot;webdriver.remote.sessionid&quot;: &quot;0KJS5-CA8YA-MRRMA-EHTV5&quot;,
  &quot;webauthn:virtualAuthenticators&quot;: true
}"/>
         <property name="os" value="Windows 11 64bit"/>
         <property name="remoteOS" value="Windows"/>
         <property name="katalonVersion" value="8.6.6.208"/>
         <property name="browser" value="Chrome 118.0.0.0"/>
         <property name="hostAddress" value="192.168.10.29"/>
         <property name="sessionId" value="0KJS5-CA8YA-MRRMA-EHTV5"/>
         <property name="seleniumVersion" value="3.141.59"/>
         <property name="proxyInformation" value="ProxyInformation { proxyOption=NO_PROXY, proxyServerType=HTTP, username=, password=********, proxyServerAddress=, proxyServerPort=0, executionList=&quot;&quot;, isApplyToDesiredCapabilities=true }"/>
         <property name="platform" value="Windows 11"/>
      </properties>
      <testcase name="Test Cases/Healthcare/Auth/LoginSuccess" time="82.696" classname="Test Cases/Healthcare/Auth/LoginSuccess" status="PASSED">
         <system-out><![CDATA[2023-11-05 11:41:34 - [TEST_CASE][PASSED] - Test Cases/Healthcare/Auth/LoginSuccess: Test Cases/Healthcare/Auth/LoginSuccess

2023-11-05 11:41:34 - [TEST_STEP][PASSED] - openBrowser(""): Browser is opened with url: ''

2023-11-05 11:41:35 - [MESSAGE][INFO] - User set preference: ['os', 'windows']

2023-11-05 11:41:35 - [MESSAGE][INFO] - User set preference: ['browserName', 'chrome']

2023-11-05 11:41:35 - [MESSAGE][INFO] - User set preference: ['browserVersion', '118']

2023-11-05 11:41:35 - [MESSAGE][INFO] - User set preference: ['katalon:option', '{organizationId=1277523, tunnelId=, usingTunnel=false}']

2023-11-05 11:41:35 - [MESSAGE][INFO] - Connecting to remote web server 'testcloud.katalon.com/hub' with type 'Selenium'

2023-11-05 11:41:36 - [MESSAGE][INFO] - Action delay is set to 0 milliseconds

2023-11-05 11:42:25 - [MESSAGE][PASSED] - Browser is opened with url: ''

2023-11-05 11:42:25 - [TEST_STEP][PASSED] - navigateToUrl("https://katalon-demo-cura.herokuapp.com/"): Navigate to 'https://katalon-demo-cura.herokuapp.com/' successfully

2023-11-05 11:42:27 - [MESSAGE][PASSED] - Navigate to 'https://katalon-demo-cura.herokuapp.com/' successfully

2023-11-05 11:42:27 - [TEST_STEP][PASSED] - click(findTestObject("Object Repository/Page_CURA Healthcare Service/a_CURA Healthcare_menu-toggle")): Object: 'Object Repository/Page_CURA Healthcare Service/a_CURA Healthcare_menu-toggle' is clicked on

2023-11-05 11:42:31 - [MESSAGE][PASSED] - Object: 'Object Repository/Page_CURA Healthcare Service/a_CURA Healthcare_menu-toggle' is clicked on

2023-11-05 11:42:31 - [TEST_STEP][PASSED] - click(findTestObject("Object Repository/Page_CURA Healthcare Service/a_Login")): Object: 'Object Repository/Page_CURA Healthcare Service/a_Login' is clicked on

2023-11-05 11:42:40 - [MESSAGE][PASSED] - Object: 'Object Repository/Page_CURA Healthcare Service/a_Login' is clicked on

2023-11-05 11:42:40 - [TEST_STEP][PASSED] - setText(findTestObject("Object Repository/Page_CURA Healthcare Service/input_Username_username"), "John Doe"): Text 'John Doe' is set on object 'Object Repository/Page_CURA Healthcare Service/input_Username_username'

2023-11-05 11:42:48 - [MESSAGE][PASSED] - Text 'John Doe' is set on object 'Object Repository/Page_CURA Healthcare Service/input_Username_username'

2023-11-05 11:42:48 - [TEST_STEP][PASSED] - setEncryptedText(findTestObject("Object Repository/Page_CURA Healthcare Service/input_Password_password"), "g3/DOGG74jC3Flrr3yH+3D/yKbOqqUNM"): Text ****** has been set on object 'Object Repository/Page_CURA Healthcare Service/input_Password_password'

2023-11-05 11:42:53 - [MESSAGE][PASSED] - Text ****** has been set on object 'Object Repository/Page_CURA Healthcare Service/input_Password_password'

2023-11-05 11:42:53 - [TEST_STEP][PASSED] - click(findTestObject("Object Repository/Page_CURA Healthcare Service/button_Login")): Object: 'Object Repository/Page_CURA Healthcare Service/button_Login' is clicked on

2023-11-05 11:42:57 - [MESSAGE][PASSED] - Object: 'Object Repository/Page_CURA Healthcare Service/button_Login' is clicked on]]></system-out>
         <system-err><![CDATA[]]></system-err>
      </testcase>
      <testcase name="Test Cases/Healthcare/Auth/LoginFailedUsername" time="81.702" classname="Test Cases/Healthcare/Auth/LoginFailedUsername" status="PASSED">
         <system-out><![CDATA[2023-11-05 11:42:57 - [TEST_CASE][PASSED] - Test Cases/Healthcare/Auth/LoginFailedUsername: Test Cases/Healthcare/Auth/LoginFailedUsername

2023-11-05 11:42:57 - [TEST_STEP][PASSED] - openBrowser(""): Browser is opened with url: ''

2023-11-05 11:42:57 - [MESSAGE][WARNING] - A browser is already opened. Closing browser and opening a new one

2023-11-05 11:42:59 - [MESSAGE][INFO] - User set preference: ['os', 'windows']

2023-11-05 11:42:59 - [MESSAGE][INFO] - User set preference: ['browserName', 'chrome']

2023-11-05 11:42:59 - [MESSAGE][INFO] - User set preference: ['browserVersion', '118']

2023-11-05 11:42:59 - [MESSAGE][INFO] - User set preference: ['katalon:option', '{organizationId=1277523, tunnelId=, usingTunnel=false}']

2023-11-05 11:42:59 - [MESSAGE][INFO] - Connecting to remote web server 'testcloud.katalon.com/hub' with type 'Selenium'

2023-11-05 11:42:59 - [MESSAGE][INFO] - Action delay is set to 0 milliseconds

2023-11-05 11:43:49 - [MESSAGE][PASSED] - Browser is opened with url: ''

2023-11-05 11:43:49 - [TEST_STEP][PASSED] - navigateToUrl("https://katalon-demo-cura.herokuapp.com/"): Navigate to 'https://katalon-demo-cura.herokuapp.com/' successfully

2023-11-05 11:43:50 - [MESSAGE][PASSED] - Navigate to 'https://katalon-demo-cura.herokuapp.com/' successfully

2023-11-05 11:43:50 - [TEST_STEP][PASSED] - click(findTestObject("Object Repository/Page_CURA Healthcare Service/i_CURA Healthcare_fa fa-bars")): Object: 'Object Repository/Page_CURA Healthcare Service/i_CURA Healthcare_fa fa-bars' is clicked on

2023-11-05 11:43:55 - [MESSAGE][PASSED] - Object: 'Object Repository/Page_CURA Healthcare Service/i_CURA Healthcare_fa fa-bars' is clicked on

2023-11-05 11:43:55 - [TEST_STEP][PASSED] - click(findTestObject("Page_CURA Healthcare Service/a_Login")): Object: 'Object Repository/Page_CURA Healthcare Service/a_Login' is clicked on

2023-11-05 11:43:59 - [MESSAGE][PASSED] - Object: 'Object Repository/Page_CURA Healthcare Service/a_Login' is clicked on

2023-11-05 11:43:59 - [TEST_STEP][PASSED] - setText(findTestObject("Page_CURA Healthcare Service/input_Username_username"), "Budi Anduk"): Text 'Budi Anduk' is set on object 'Object Repository/Page_CURA Healthcare Service/input_Username_username'

2023-11-05 11:44:07 - [MESSAGE][PASSED] - Text 'Budi Anduk' is set on object 'Object Repository/Page_CURA Healthcare Service/input_Username_username'

2023-11-05 11:44:07 - [TEST_STEP][PASSED] - setEncryptedText(findTestObject("Page_CURA Healthcare Service/input_Password_password"), "g3/DOGG74jC3Flrr3yH+3D/yKbOqqUNM"): Text ****** has been set on object 'Object Repository/Page_CURA Healthcare Service/input_Password_password'

2023-11-05 11:44:12 - [MESSAGE][PASSED] - Text ****** has been set on object 'Object Repository/Page_CURA Healthcare Service/input_Password_password'

2023-11-05 11:44:12 - [TEST_STEP][PASSED] - click(findTestObject("Page_CURA Healthcare Service/button_Login")): Object: 'Object Repository/Page_CURA Healthcare Service/button_Login' is clicked on

2023-11-05 11:44:19 - [MESSAGE][PASSED] - Object: 'Object Repository/Page_CURA Healthcare Service/button_Login' is clicked on]]></system-out>
         <system-err><![CDATA[]]></system-err>
      </testcase>
      <testcase name="Test Cases/Healthcare/Auth/LoginFailedPassword" time="75.331" classname="Test Cases/Healthcare/Auth/LoginFailedPassword" status="PASSED">
         <system-out><![CDATA[2023-11-05 11:44:19 - [TEST_CASE][PASSED] - Test Cases/Healthcare/Auth/LoginFailedPassword: Test Cases/Healthcare/Auth/LoginFailedPassword

2023-11-05 11:44:19 - [TEST_STEP][PASSED] - openBrowser(""): Browser is opened with url: ''

2023-11-05 11:44:19 - [MESSAGE][WARNING] - A browser is already opened. Closing browser and opening a new one

2023-11-05 11:44:20 - [MESSAGE][INFO] - User set preference: ['os', 'windows']

2023-11-05 11:44:20 - [MESSAGE][INFO] - User set preference: ['browserName', 'chrome']

2023-11-05 11:44:20 - [MESSAGE][INFO] - User set preference: ['browserVersion', '118']

2023-11-05 11:44:20 - [MESSAGE][INFO] - User set preference: ['katalon:option', '{organizationId=1277523, tunnelId=, usingTunnel=false}']

2023-11-05 11:44:20 - [MESSAGE][INFO] - Connecting to remote web server 'testcloud.katalon.com/hub' with type 'Selenium'

2023-11-05 11:44:20 - [MESSAGE][INFO] - Action delay is set to 0 milliseconds

2023-11-05 11:45:06 - [MESSAGE][PASSED] - Browser is opened with url: ''

2023-11-05 11:45:06 - [TEST_STEP][PASSED] - navigateToUrl("https://katalon-demo-cura.herokuapp.com/"): Navigate to 'https://katalon-demo-cura.herokuapp.com/' successfully

2023-11-05 11:45:07 - [MESSAGE][PASSED] - Navigate to 'https://katalon-demo-cura.herokuapp.com/' successfully

2023-11-05 11:45:07 - [TEST_STEP][PASSED] - click(findTestObject("Object Repository/Page_CURA Healthcare Service/Page_CURA Healthcare Service/i_CURA Healthcare_fa fa-bars")): Object: 'Object Repository/Page_CURA Healthcare Service/Page_CURA Healthcare Service/i_CURA Healthcare_fa fa-bars' is clicked on

2023-11-05 11:45:11 - [MESSAGE][PASSED] - Object: 'Object Repository/Page_CURA Healthcare Service/Page_CURA Healthcare Service/i_CURA Healthcare_fa fa-bars' is clicked on

2023-11-05 11:45:11 - [TEST_STEP][PASSED] - click(findTestObject("Object Repository/Page_CURA Healthcare Service/Page_CURA Healthcare Service/a_Login")): Object: 'Object Repository/Page_CURA Healthcare Service/Page_CURA Healthcare Service/a_Login' is clicked on

2023-11-05 11:45:16 - [MESSAGE][PASSED] - Object: 'Object Repository/Page_CURA Healthcare Service/Page_CURA Healthcare Service/a_Login' is clicked on

2023-11-05 11:45:16 - [TEST_STEP][PASSED] - setText(findTestObject("Object Repository/Page_CURA Healthcare Service/Page_CURA Healthcare Service/input_Username_username"), "John Doe"): Text 'John Doe' is set on object 'Object Repository/Page_CURA Healthcare Service/Page_CURA Healthcare Service/input_Username_username'

2023-11-05 11:45:25 - [MESSAGE][PASSED] - Text 'John Doe' is set on object 'Object Repository/Page_CURA Healthcare Service/Page_CURA Healthcare Service/input_Username_username'

2023-11-05 11:45:25 - [TEST_STEP][PASSED] - setEncryptedText(findTestObject("Object Repository/Page_CURA Healthcare Service/Page_CURA Healthcare Service/input_Password_password"), "HmrGm9h9Lhv0hmTD06Fuuw=="): Text ****** has been set on object 'Object Repository/Page_CURA Healthcare Service/Page_CURA Healthcare Service/input_Password_password'

2023-11-05 11:45:30 - [MESSAGE][PASSED] - Text ****** has been set on object 'Object Repository/Page_CURA Healthcare Service/Page_CURA Healthcare Service/input_Password_password'

2023-11-05 11:45:30 - [TEST_STEP][PASSED] - click(findTestObject("Object Repository/Page_CURA Healthcare Service/Page_CURA Healthcare Service/button_Login")): Object: 'Object Repository/Page_CURA Healthcare Service/Page_CURA Healthcare Service/button_Login' is clicked on

2023-11-05 11:45:34 - [MESSAGE][PASSED] - Object: 'Object Repository/Page_CURA Healthcare Service/Page_CURA Healthcare Service/button_Login' is clicked on]]></system-out>
         <system-err><![CDATA[]]></system-err>
      </testcase>
      <testcase name="Test Cases/Healthcare/Homepage" time="51.454" classname="Test Cases/Healthcare/Homepage" status="PASSED">
         <system-out><![CDATA[2023-11-05 11:45:34 - [TEST_CASE][PASSED] - Test Cases/Healthcare/Homepage: Test Cases/Healthcare/Homepage

2023-11-05 11:45:34 - [TEST_STEP][PASSED] - openBrowser(""): Browser is opened with url: ''

2023-11-05 11:45:34 - [MESSAGE][WARNING] - A browser is already opened. Closing browser and opening a new one

2023-11-05 11:45:36 - [MESSAGE][INFO] - User set preference: ['os', 'windows']

2023-11-05 11:45:36 - [MESSAGE][INFO] - User set preference: ['browserName', 'chrome']

2023-11-05 11:45:36 - [MESSAGE][INFO] - User set preference: ['browserVersion', '118']

2023-11-05 11:45:36 - [MESSAGE][INFO] - User set preference: ['katalon:option', '{organizationId=1277523, tunnelId=, usingTunnel=false}']

2023-11-05 11:45:36 - [MESSAGE][INFO] - Connecting to remote web server 'testcloud.katalon.com/hub' with type 'Selenium'

2023-11-05 11:45:36 - [MESSAGE][INFO] - Action delay is set to 0 milliseconds

2023-11-05 11:46:24 - [MESSAGE][PASSED] - Browser is opened with url: ''

2023-11-05 11:46:24 - [TEST_STEP][PASSED] - navigateToUrl("https://katalon-demo-cura.herokuapp.com/"): Navigate to 'https://katalon-demo-cura.herokuapp.com/' successfully

2023-11-05 11:46:25 - [MESSAGE][PASSED] - Navigate to 'https://katalon-demo-cura.herokuapp.com/' successfully]]></system-out>
         <system-err><![CDATA[]]></system-err>
      </testcase>
      <testcase name="Test Cases/Healthcare/HandlingOptions" time="90.178" classname="Test Cases/Healthcare/HandlingOptions" status="PASSED">
         <system-out><![CDATA[2023-11-05 11:46:25 - [TEST_CASE][PASSED] - Test Cases/Healthcare/HandlingOptions: Test Cases/Healthcare/HandlingOptions

2023-11-05 11:46:26 - [TEST_STEP][PASSED] - openBrowser(""): Browser is opened with url: ''

2023-11-05 11:46:26 - [MESSAGE][WARNING] - A browser is already opened. Closing browser and opening a new one

2023-11-05 11:46:27 - [MESSAGE][INFO] - User set preference: ['os', 'windows']

2023-11-05 11:46:27 - [MESSAGE][INFO] - User set preference: ['browserName', 'chrome']

2023-11-05 11:46:27 - [MESSAGE][INFO] - User set preference: ['browserVersion', '118']

2023-11-05 11:46:27 - [MESSAGE][INFO] - User set preference: ['katalon:option', '{organizationId=1277523, tunnelId=, usingTunnel=false}']

2023-11-05 11:46:27 - [MESSAGE][INFO] - Connecting to remote web server 'testcloud.katalon.com/hub' with type 'Selenium'

2023-11-05 11:46:27 - [MESSAGE][INFO] - Action delay is set to 0 milliseconds

2023-11-05 11:47:13 - [MESSAGE][PASSED] - Browser is opened with url: ''

2023-11-05 11:47:13 - [TEST_STEP][PASSED] - navigateToUrl("https://katalon-demo-cura.herokuapp.com/"): Navigate to 'https://katalon-demo-cura.herokuapp.com/' successfully

2023-11-05 11:47:14 - [MESSAGE][PASSED] - Navigate to 'https://katalon-demo-cura.herokuapp.com/' successfully

2023-11-05 11:47:14 - [TEST_STEP][PASSED] - click(findTestObject("Page_CURA Healthcare Service/a_CURA Healthcare_menu-toggle")): Object: 'Object Repository/Page_CURA Healthcare Service/a_CURA Healthcare_menu-toggle' is clicked on

2023-11-05 11:47:18 - [MESSAGE][PASSED] - Object: 'Object Repository/Page_CURA Healthcare Service/a_CURA Healthcare_menu-toggle' is clicked on

2023-11-05 11:47:18 - [TEST_STEP][PASSED] - click(findTestObject("Page_CURA Healthcare Service/a_Login")): Object: 'Object Repository/Page_CURA Healthcare Service/a_Login' is clicked on

2023-11-05 11:47:23 - [MESSAGE][PASSED] - Object: 'Object Repository/Page_CURA Healthcare Service/a_Login' is clicked on

2023-11-05 11:47:23 - [TEST_STEP][PASSED] - setText(findTestObject("Page_CURA Healthcare Service/input_Username_username"), "John Doe"): Text 'John Doe' is set on object 'Object Repository/Page_CURA Healthcare Service/input_Username_username'

2023-11-05 11:47:31 - [MESSAGE][PASSED] - Text 'John Doe' is set on object 'Object Repository/Page_CURA Healthcare Service/input_Username_username'

2023-11-05 11:47:31 - [TEST_STEP][PASSED] - setEncryptedText(findTestObject("Page_CURA Healthcare Service/input_Password_password"), "g3/DOGG74jC3Flrr3yH+3D/yKbOqqUNM"): Text ****** has been set on object 'Object Repository/Page_CURA Healthcare Service/input_Password_password'

2023-11-05 11:47:36 - [MESSAGE][PASSED] - Text ****** has been set on object 'Object Repository/Page_CURA Healthcare Service/input_Password_password'

2023-11-05 11:47:36 - [TEST_STEP][PASSED] - click(findTestObject("Page_CURA Healthcare Service/button_Login")): Object: 'Object Repository/Page_CURA Healthcare Service/button_Login' is clicked on

2023-11-05 11:47:40 - [MESSAGE][PASSED] - Object: 'Object Repository/Page_CURA Healthcare Service/button_Login' is clicked on

2023-11-05 11:47:40 - [TEST_STEP][PASSED] - selectOptionByIndex(findTestObject("Page_CURA Healthcare Service/selectFacility"), 2): All options with index in [2] are selected on object 'Object Repository/Page_CURA Healthcare Service/selectFacility'

2023-11-05 11:47:56 - [MESSAGE][PASSED] - All options with index in [2] are selected on object 'Object Repository/Page_CURA Healthcare Service/selectFacility']]></system-out>
         <system-err><![CDATA[]]></system-err>
      </testcase>
      <testcase name="Test Cases/Healthcare/ClickRadioButton" time="79.61" classname="Test Cases/Healthcare/ClickRadioButton" status="PASSED">
         <system-out><![CDATA[2023-11-05 11:47:56 - [TEST_CASE][PASSED] - Test Cases/Healthcare/ClickRadioButton: Test Cases/Healthcare/ClickRadioButton

2023-11-05 11:47:56 - [TEST_STEP][PASSED] - openBrowser(""): Browser is opened with url: ''

2023-11-05 11:47:56 - [MESSAGE][WARNING] - A browser is already opened. Closing browser and opening a new one

2023-11-05 11:47:57 - [MESSAGE][INFO] - User set preference: ['os', 'windows']

2023-11-05 11:47:57 - [MESSAGE][INFO] - User set preference: ['browserName', 'chrome']

2023-11-05 11:47:57 - [MESSAGE][INFO] - User set preference: ['browserVersion', '118']

2023-11-05 11:47:57 - [MESSAGE][INFO] - User set preference: ['katalon:option', '{organizationId=1277523, tunnelId=, usingTunnel=false}']

2023-11-05 11:47:57 - [MESSAGE][INFO] - Connecting to remote web server 'testcloud.katalon.com/hub' with type 'Selenium'

2023-11-05 11:47:57 - [MESSAGE][INFO] - Action delay is set to 0 milliseconds

2023-11-05 11:48:43 - [MESSAGE][PASSED] - Browser is opened with url: ''

2023-11-05 11:48:43 - [TEST_STEP][PASSED] - navigateToUrl("https://katalon-demo-cura.herokuapp.com/"): Navigate to 'https://katalon-demo-cura.herokuapp.com/' successfully

2023-11-05 11:48:45 - [MESSAGE][PASSED] - Navigate to 'https://katalon-demo-cura.herokuapp.com/' successfully

2023-11-05 11:48:45 - [TEST_STEP][PASSED] - click(findTestObject("Page_CURA Healthcare Service/i_CURA Healthcare_fa fa-bars")): Object: 'Object Repository/Page_CURA Healthcare Service/i_CURA Healthcare_fa fa-bars' is clicked on

2023-11-05 11:48:49 - [MESSAGE][PASSED] - Object: 'Object Repository/Page_CURA Healthcare Service/i_CURA Healthcare_fa fa-bars' is clicked on

2023-11-05 11:48:49 - [TEST_STEP][PASSED] - click(findTestObject("Page_CURA Healthcare Service/a_Login")): Object: 'Object Repository/Page_CURA Healthcare Service/a_Login' is clicked on

2023-11-05 11:48:53 - [MESSAGE][PASSED] - Object: 'Object Repository/Page_CURA Healthcare Service/a_Login' is clicked on

2023-11-05 11:48:53 - [TEST_STEP][PASSED] - setText(findTestObject("Page_CURA Healthcare Service/input_Username_username"), "John Doe"): Text 'John Doe' is set on object 'Object Repository/Page_CURA Healthcare Service/input_Username_username'

2023-11-05 11:49:01 - [MESSAGE][PASSED] - Text 'John Doe' is set on object 'Object Repository/Page_CURA Healthcare Service/input_Username_username'

2023-11-05 11:49:01 - [TEST_STEP][PASSED] - setEncryptedText(findTestObject("Page_CURA Healthcare Service/input_Password_password"), "g3/DOGG74jC3Flrr3yH+3D/yKbOqqUNM"): Text ****** has been set on object 'Object Repository/Page_CURA Healthcare Service/input_Password_password'

2023-11-05 11:49:06 - [MESSAGE][PASSED] - Text ****** has been set on object 'Object Repository/Page_CURA Healthcare Service/input_Password_password'

2023-11-05 11:49:06 - [TEST_STEP][PASSED] - click(findTestObject("Page_CURA Healthcare Service/button_Login")): Object: 'Object Repository/Page_CURA Healthcare Service/button_Login' is clicked on

2023-11-05 11:49:11 - [MESSAGE][PASSED] - Object: 'Object Repository/Page_CURA Healthcare Service/button_Login' is clicked on

2023-11-05 11:49:11 - [TEST_STEP][PASSED] - click(findTestObject("Object Repository/Page_CURA Healthcare Service/input_Medicaid_programs")): Object: 'Object Repository/Page_CURA Healthcare Service/input_Medicaid_programs' is clicked on

2023-11-05 11:49:15 - [MESSAGE][PASSED] - Object: 'Object Repository/Page_CURA Healthcare Service/input_Medicaid_programs' is clicked on]]></system-out>
         <system-err><![CDATA[]]></system-err>
      </testcase>
      <testcase name="Test Cases/Healthcare/ClickDatePicker" time="83.149" classname="Test Cases/Healthcare/ClickDatePicker" status="PASSED">
         <system-out><![CDATA[2023-11-05 11:49:15 - [TEST_CASE][PASSED] - Test Cases/Healthcare/ClickDatePicker: Test Cases/Healthcare/ClickDatePicker

2023-11-05 11:49:16 - [TEST_STEP][PASSED] - openBrowser(""): Browser is opened with url: ''

2023-11-05 11:49:16 - [MESSAGE][WARNING] - A browser is already opened. Closing browser and opening a new one

2023-11-05 11:49:17 - [MESSAGE][INFO] - User set preference: ['os', 'windows']

2023-11-05 11:49:17 - [MESSAGE][INFO] - User set preference: ['browserName', 'chrome']

2023-11-05 11:49:17 - [MESSAGE][INFO] - User set preference: ['browserVersion', '118']

2023-11-05 11:49:17 - [MESSAGE][INFO] - User set preference: ['katalon:option', '{organizationId=1277523, tunnelId=, usingTunnel=false}']

2023-11-05 11:49:17 - [MESSAGE][INFO] - Connecting to remote web server 'testcloud.katalon.com/hub' with type 'Selenium'

2023-11-05 11:49:17 - [MESSAGE][INFO] - Action delay is set to 0 milliseconds

2023-11-05 11:50:03 - [MESSAGE][PASSED] - Browser is opened with url: ''

2023-11-05 11:50:03 - [TEST_STEP][PASSED] - navigateToUrl("https://katalon-demo-cura.herokuapp.com/"): Navigate to 'https://katalon-demo-cura.herokuapp.com/' successfully

2023-11-05 11:50:04 - [MESSAGE][PASSED] - Navigate to 'https://katalon-demo-cura.herokuapp.com/' successfully

2023-11-05 11:50:04 - [TEST_STEP][PASSED] - click(findTestObject("Page_CURA Healthcare Service/i_CURA Healthcare_fa fa-bars")): Object: 'Object Repository/Page_CURA Healthcare Service/i_CURA Healthcare_fa fa-bars' is clicked on

2023-11-05 11:50:09 - [MESSAGE][PASSED] - Object: 'Object Repository/Page_CURA Healthcare Service/i_CURA Healthcare_fa fa-bars' is clicked on

2023-11-05 11:50:09 - [TEST_STEP][PASSED] - click(findTestObject("Page_CURA Healthcare Service/a_Login")): Object: 'Object Repository/Page_CURA Healthcare Service/a_Login' is clicked on

2023-11-05 11:50:13 - [MESSAGE][PASSED] - Object: 'Object Repository/Page_CURA Healthcare Service/a_Login' is clicked on

2023-11-05 11:50:13 - [TEST_STEP][PASSED] - setText(findTestObject("Page_CURA Healthcare Service/input_Username_username"), "John Doe"): Text 'John Doe' is set on object 'Object Repository/Page_CURA Healthcare Service/input_Username_username'

2023-11-05 11:50:21 - [MESSAGE][PASSED] - Text 'John Doe' is set on object 'Object Repository/Page_CURA Healthcare Service/input_Username_username'

2023-11-05 11:50:21 - [TEST_STEP][PASSED] - setEncryptedText(findTestObject("Page_CURA Healthcare Service/input_Password_password"), "g3/DOGG74jC3Flrr3yH+3D/yKbOqqUNM"): Text ****** has been set on object 'Object Repository/Page_CURA Healthcare Service/input_Password_password'

2023-11-05 11:50:26 - [MESSAGE][PASSED] - Text ****** has been set on object 'Object Repository/Page_CURA Healthcare Service/input_Password_password'

2023-11-05 11:50:26 - [TEST_STEP][PASSED] - click(findTestObject("Page_CURA Healthcare Service/button_Login")): Object: 'Object Repository/Page_CURA Healthcare Service/button_Login' is clicked on

2023-11-05 11:50:30 - [MESSAGE][PASSED] - Object: 'Object Repository/Page_CURA Healthcare Service/button_Login' is clicked on

2023-11-05 11:50:30 - [TEST_STEP][PASSED] - click(findTestObject("Page_CURA Healthcare Service/Date/datepicker")): Object: 'Object Repository/Page_CURA Healthcare Service/Date/datepicker' is clicked on

2023-11-05 11:50:34 - [MESSAGE][PASSED] - Object: 'Object Repository/Page_CURA Healthcare Service/Date/datepicker' is clicked on

2023-11-05 11:50:34 - [TEST_STEP][PASSED] - click(findTestObject("Page_CURA Healthcare Service/Date/dateitem")): Object: 'Object Repository/Page_CURA Healthcare Service/Date/dateitem' is clicked on

2023-11-05 11:50:38 - [MESSAGE][PASSED] - Object: 'Object Repository/Page_CURA Healthcare Service/Date/dateitem' is clicked on]]></system-out>
         <system-err><![CDATA[]]></system-err>
      </testcase>
      <testcase name="Test Cases/Healthcare/ClickComment" time="90.87" classname="Test Cases/Healthcare/ClickComment" status="PASSED">
         <system-out><![CDATA[2023-11-05 11:50:38 - [TEST_CASE][PASSED] - Test Cases/Healthcare/ClickComment: Test Cases/Healthcare/ClickComment

2023-11-05 11:50:39 - [TEST_STEP][PASSED] - openBrowser(""): Browser is opened with url: ''

2023-11-05 11:50:39 - [MESSAGE][WARNING] - A browser is already opened. Closing browser and opening a new one

2023-11-05 11:50:40 - [MESSAGE][INFO] - User set preference: ['os', 'windows']

2023-11-05 11:50:40 - [MESSAGE][INFO] - User set preference: ['browserName', 'chrome']

2023-11-05 11:50:40 - [MESSAGE][INFO] - User set preference: ['browserVersion', '118']

2023-11-05 11:50:40 - [MESSAGE][INFO] - User set preference: ['katalon:option', '{organizationId=1277523, tunnelId=, usingTunnel=false}']

2023-11-05 11:50:40 - [MESSAGE][INFO] - Connecting to remote web server 'testcloud.katalon.com/hub' with type 'Selenium'

2023-11-05 11:50:40 - [MESSAGE][INFO] - Action delay is set to 0 milliseconds

2023-11-05 11:51:32 - [MESSAGE][PASSED] - Browser is opened with url: ''

2023-11-05 11:51:32 - [TEST_STEP][PASSED] - navigateToUrl("https://katalon-demo-cura.herokuapp.com/"): Navigate to 'https://katalon-demo-cura.herokuapp.com/' successfully

2023-11-05 11:51:33 - [MESSAGE][PASSED] - Navigate to 'https://katalon-demo-cura.herokuapp.com/' successfully

2023-11-05 11:51:33 - [TEST_STEP][PASSED] - click(findTestObject("Page_CURA Healthcare Service/i_CURA Healthcare_fa fa-bars")): Object: 'Object Repository/Page_CURA Healthcare Service/i_CURA Healthcare_fa fa-bars' is clicked on

2023-11-05 11:51:37 - [MESSAGE][PASSED] - Object: 'Object Repository/Page_CURA Healthcare Service/i_CURA Healthcare_fa fa-bars' is clicked on

2023-11-05 11:51:37 - [TEST_STEP][PASSED] - click(findTestObject("Page_CURA Healthcare Service/a_Login")): Object: 'Object Repository/Page_CURA Healthcare Service/a_Login' is clicked on

2023-11-05 11:51:41 - [MESSAGE][PASSED] - Object: 'Object Repository/Page_CURA Healthcare Service/a_Login' is clicked on

2023-11-05 11:51:41 - [TEST_STEP][PASSED] - setText(findTestObject("Page_CURA Healthcare Service/input_Username_username"), "John Doe"): Text 'John Doe' is set on object 'Object Repository/Page_CURA Healthcare Service/input_Username_username'

2023-11-05 11:51:50 - [MESSAGE][PASSED] - Text 'John Doe' is set on object 'Object Repository/Page_CURA Healthcare Service/input_Username_username'

2023-11-05 11:51:50 - [TEST_STEP][PASSED] - setEncryptedText(findTestObject("Page_CURA Healthcare Service/input_Password_password"), "g3/DOGG74jC3Flrr3yH+3D/yKbOqqUNM"): Text ****** has been set on object 'Object Repository/Page_CURA Healthcare Service/input_Password_password'

2023-11-05 11:51:55 - [MESSAGE][PASSED] - Text ****** has been set on object 'Object Repository/Page_CURA Healthcare Service/input_Password_password'

2023-11-05 11:51:55 - [TEST_STEP][PASSED] - click(findTestObject("Page_CURA Healthcare Service/button_Login")): Object: 'Object Repository/Page_CURA Healthcare Service/button_Login' is clicked on

2023-11-05 11:51:58 - [MESSAGE][PASSED] - Object: 'Object Repository/Page_CURA Healthcare Service/button_Login' is clicked on

2023-11-05 11:51:58 - [TEST_STEP][PASSED] - setText(findTestObject("Object Repository/Page_CURA Healthcare Service/textarea_Comment_comment"), "lorem ipsum"): Text 'lorem ipsum' is set on object 'Object Repository/Page_CURA Healthcare Service/textarea_Comment_comment'

2023-11-05 11:52:09 - [MESSAGE][PASSED] - Text 'lorem ipsum' is set on object 'Object Repository/Page_CURA Healthcare Service/textarea_Comment_comment']]></system-out>
         <system-err><![CDATA[]]></system-err>
      </testcase>
      <testcase name="Test Cases/Healthcare/ClickApply" time="87.559" classname="Test Cases/Healthcare/ClickApply" status="PASSED">
         <system-out><![CDATA[2023-11-05 11:52:09 - [TEST_CASE][PASSED] - Test Cases/Healthcare/ClickApply: Test Cases/Healthcare/ClickApply

2023-11-05 11:52:10 - [TEST_STEP][PASSED] - openBrowser(""): Browser is opened with url: ''

2023-11-05 11:52:10 - [MESSAGE][WARNING] - A browser is already opened. Closing browser and opening a new one

2023-11-05 11:52:11 - [MESSAGE][INFO] - User set preference: ['os', 'windows']

2023-11-05 11:52:11 - [MESSAGE][INFO] - User set preference: ['browserName', 'chrome']

2023-11-05 11:52:11 - [MESSAGE][INFO] - User set preference: ['browserVersion', '118']

2023-11-05 11:52:11 - [MESSAGE][INFO] - User set preference: ['katalon:option', '{organizationId=1277523, tunnelId=, usingTunnel=false}']

2023-11-05 11:52:11 - [MESSAGE][INFO] - Connecting to remote web server 'testcloud.katalon.com/hub' with type 'Selenium'

2023-11-05 11:52:11 - [MESSAGE][INFO] - Action delay is set to 0 milliseconds

2023-11-05 11:53:03 - [MESSAGE][PASSED] - Browser is opened with url: ''

2023-11-05 11:53:03 - [TEST_STEP][PASSED] - navigateToUrl("https://katalon-demo-cura.herokuapp.com/"): Navigate to 'https://katalon-demo-cura.herokuapp.com/' successfully

2023-11-05 11:53:05 - [MESSAGE][PASSED] - Navigate to 'https://katalon-demo-cura.herokuapp.com/' successfully

2023-11-05 11:53:05 - [TEST_STEP][PASSED] - click(findTestObject("Page_CURA Healthcare Service/a_CURA Healthcare_menu-toggle")): Object: 'Object Repository/Page_CURA Healthcare Service/a_CURA Healthcare_menu-toggle' is clicked on

2023-11-05 11:53:08 - [MESSAGE][PASSED] - Object: 'Object Repository/Page_CURA Healthcare Service/a_CURA Healthcare_menu-toggle' is clicked on

2023-11-05 11:53:08 - [TEST_STEP][PASSED] - click(findTestObject("Page_CURA Healthcare Service/a_Login")): Object: 'Object Repository/Page_CURA Healthcare Service/a_Login' is clicked on

2023-11-05 11:53:13 - [MESSAGE][PASSED] - Object: 'Object Repository/Page_CURA Healthcare Service/a_Login' is clicked on

2023-11-05 11:53:13 - [TEST_STEP][PASSED] - setText(findTestObject("Page_CURA Healthcare Service/input_Username_username"), "John Doe"): Text 'John Doe' is set on object 'Object Repository/Page_CURA Healthcare Service/input_Username_username'

2023-11-05 11:53:23 - [MESSAGE][PASSED] - Text 'John Doe' is set on object 'Object Repository/Page_CURA Healthcare Service/input_Username_username'

2023-11-05 11:53:23 - [TEST_STEP][PASSED] - setEncryptedText(findTestObject("Page_CURA Healthcare Service/input_Password_password"), "g3/DOGG74jC3Flrr3yH+3D/yKbOqqUNM"): Text ****** has been set on object 'Object Repository/Page_CURA Healthcare Service/input_Password_password'

2023-11-05 11:53:28 - [MESSAGE][PASSED] - Text ****** has been set on object 'Object Repository/Page_CURA Healthcare Service/input_Password_password'

2023-11-05 11:53:28 - [TEST_STEP][PASSED] - click(findTestObject("Page_CURA Healthcare Service/button_Login")): Object: 'Object Repository/Page_CURA Healthcare Service/button_Login' is clicked on

2023-11-05 11:53:33 - [MESSAGE][PASSED] - Object: 'Object Repository/Page_CURA Healthcare Service/button_Login' is clicked on

2023-11-05 11:53:33 - [TEST_STEP][PASSED] - click(findTestObject("Object Repository/Page_CURA Healthcare Service/input_Apply for hospital readmission_hospit_63901f")): Object: 'Object Repository/Page_CURA Healthcare Service/input_Apply for hospital readmission_hospit_63901f' is clicked on

2023-11-05 11:53:37 - [MESSAGE][PASSED] - Object: 'Object Repository/Page_CURA Healthcare Service/input_Apply for hospital readmission_hospit_63901f' is clicked on]]></system-out>
         <system-err><![CDATA[]]></system-err>
      </testcase>
      <system-out><![CDATA[2023-11-05 11:41:34 - [TEST_SUITE][PASSED] - TSHealtcare: Test Cases/Healthcare/ClickApply]]></system-out>
      <system-err><![CDATA[]]></system-err>
   </testsuite>
</testsuites>
