<?xml version="1.0" encoding="UTF-8"?>
<testsuites name="TSHealth3" time="45.494" tests="3" failures="0" errors="0">
   <testsuite name="TSHealth3" tests="3" failures="0" errors="0" time="45.494" skipped="0" timestamp="2023-11-11 18:24:24" hostname="KRESHNA PUTRA ADI - LAPTOP-7MTKCE68" id="Test Suites/TSHealth3">
      <properties>
         <property name="deviceName" value=""/>
         <property name="devicePlatform" value=""/>
         <property name="logFolder" value="C:\\Users\\KRESHNA PUTRA ADI\\Katalon Studio\\KatalonPractitioner\\Reports\\20231111_182411\\TSHealth3\\20231111_182412"/>
         <property name="logFiles" value="C:\\Users\\KRESHNA PUTRA ADI\\Katalon Studio\\KatalonPractitioner\\Reports\\20231111_182411\\TSHealth3\\20231111_182412\\execution0.log"/>
         <property name="attachments" value=""/>
         <property name="hostName" value="KRESHNA PUTRA ADI - LAPTOP-7MTKCE68"/>
         <property name="os" value="Windows 11 64bit"/>
         <property name="katalonVersion" value="8.6.6.208"/>
         <property name="browser" value="Firefox 103.0"/>
         <property name="hostAddress" value="192.168.184.29"/>
         <property name="sessionId" value="5e23333f-7a60-4509-a1cf-1a59c7a143cf"/>
         <property name="seleniumVersion" value="3.141.59"/>
         <property name="proxyInformation" value="ProxyInformation { proxyOption=NO_PROXY, proxyServerType=HTTP, username=, password=********, proxyServerAddress=, proxyServerPort=0, executionList=&quot;&quot;, isApplyToDesiredCapabilities=true }"/>
         <property name="platform" value="Windows 11"/>
      </properties>
      <testcase name="Test Cases/Healthcare/Auth/LoginFailedPassword" time="22.013" classname="Test Cases/Healthcare/Auth/LoginFailedPassword" status="PASSED">
         <system-out><![CDATA[2023-11-11 18:24:24 - [TEST_CASE][PASSED] - Test Cases/Healthcare/Auth/LoginFailedPassword: Test Cases/Healthcare/Auth/LoginFailedPassword

2023-11-11 18:24:25 - [TEST_STEP][PASSED] - openBrowser(""): Browser is opened with url: ''

2023-11-11 18:24:26 - [MESSAGE][INFO] - Starting 'Firefox' driver

2023-11-11 18:24:26 - [MESSAGE][INFO] - Action delay is set to 0 milliseconds

2023-11-11 18:24:30 - [MESSAGE][PASSED] - Browser is opened with url: ''

2023-11-11 18:24:30 - [TEST_STEP][PASSED] - navigateToUrl("https://katalon-demo-cura.herokuapp.com/"): Navigate to 'https://katalon-demo-cura.herokuapp.com/' successfully

2023-11-11 18:24:43 - [MESSAGE][PASSED] - Navigate to 'https://katalon-demo-cura.herokuapp.com/' successfully

2023-11-11 18:24:43 - [TEST_STEP][PASSED] - click(findTestObject("Object Repository/Page_CURA Healthcare Service/Page_CURA Healthcare Service/i_CURA Healthcare_fa fa-bars")): Object: 'Object Repository/Page_CURA Healthcare Service/Page_CURA Healthcare Service/i_CURA Healthcare_fa fa-bars' is clicked on

2023-11-11 18:24:43 - [MESSAGE][PASSED] - Object: 'Object Repository/Page_CURA Healthcare Service/Page_CURA Healthcare Service/i_CURA Healthcare_fa fa-bars' is clicked on

2023-11-11 18:24:43 - [TEST_STEP][PASSED] - click(findTestObject("Object Repository/Page_CURA Healthcare Service/Page_CURA Healthcare Service/a_Login")): Object: 'Object Repository/Page_CURA Healthcare Service/Page_CURA Healthcare Service/a_Login' is clicked on

2023-11-11 18:24:44 - [MESSAGE][PASSED] - Object: 'Object Repository/Page_CURA Healthcare Service/Page_CURA Healthcare Service/a_Login' is clicked on

2023-11-11 18:24:44 - [TEST_STEP][PASSED] - setText(findTestObject("Object Repository/Page_CURA Healthcare Service/Page_CURA Healthcare Service/input_Username_username"), "John Doe"): Text 'John Doe' is set on object 'Object Repository/Page_CURA Healthcare Service/Page_CURA Healthcare Service/input_Username_username'

2023-11-11 18:24:45 - [MESSAGE][PASSED] - Text 'John Doe' is set on object 'Object Repository/Page_CURA Healthcare Service/Page_CURA Healthcare Service/input_Username_username'

2023-11-11 18:24:45 - [TEST_STEP][PASSED] - setEncryptedText(findTestObject("Object Repository/Page_CURA Healthcare Service/Page_CURA Healthcare Service/input_Password_password"), "HmrGm9h9Lhv0hmTD06Fuuw=="): Text ****** has been set on object 'Object Repository/Page_CURA Healthcare Service/Page_CURA Healthcare Service/input_Password_password'

2023-11-11 18:24:45 - [MESSAGE][PASSED] - Text ****** has been set on object 'Object Repository/Page_CURA Healthcare Service/Page_CURA Healthcare Service/input_Password_password'

2023-11-11 18:24:45 - [TEST_STEP][PASSED] - click(findTestObject("Object Repository/Page_CURA Healthcare Service/Page_CURA Healthcare Service/button_Login")): Object: 'Object Repository/Page_CURA Healthcare Service/Page_CURA Healthcare Service/button_Login' is clicked on

2023-11-11 18:24:46 - [MESSAGE][PASSED] - Object: 'Object Repository/Page_CURA Healthcare Service/Page_CURA Healthcare Service/button_Login' is clicked on]]></system-out>
         <system-err><![CDATA[]]></system-err>
      </testcase>
      <testcase name="Test Cases/Healthcare/Auth/LoginFailedUsername" time="13.669" classname="Test Cases/Healthcare/Auth/LoginFailedUsername" status="PASSED">
         <system-out><![CDATA[2023-11-11 18:24:46 - [TEST_CASE][PASSED] - Test Cases/Healthcare/Auth/LoginFailedUsername: Test Cases/Healthcare/Auth/LoginFailedUsername

2023-11-11 18:24:47 - [TEST_STEP][PASSED] - openBrowser(""): Browser is opened with url: ''

2023-11-11 18:24:47 - [MESSAGE][WARNING] - A browser is already opened. Closing browser and opening a new one

2023-11-11 18:24:47 - [MESSAGE][INFO] - Starting 'Firefox' driver

2023-11-11 18:24:47 - [MESSAGE][INFO] - Action delay is set to 0 milliseconds

2023-11-11 18:24:50 - [MESSAGE][PASSED] - Browser is opened with url: ''

2023-11-11 18:24:50 - [TEST_STEP][PASSED] - navigateToUrl("https://katalon-demo-cura.herokuapp.com/"): Navigate to 'https://katalon-demo-cura.herokuapp.com/' successfully

2023-11-11 18:24:56 - [MESSAGE][PASSED] - Navigate to 'https://katalon-demo-cura.herokuapp.com/' successfully

2023-11-11 18:24:56 - [TEST_STEP][PASSED] - click(findTestObject("Object Repository/Page_CURA Healthcare Service/i_CURA Healthcare_fa fa-bars")): Object: 'Object Repository/Page_CURA Healthcare Service/i_CURA Healthcare_fa fa-bars' is clicked on

2023-11-11 18:24:57 - [MESSAGE][PASSED] - Object: 'Object Repository/Page_CURA Healthcare Service/i_CURA Healthcare_fa fa-bars' is clicked on

2023-11-11 18:24:57 - [TEST_STEP][PASSED] - click(findTestObject("Page_CURA Healthcare Service/a_Login")): Object: 'Object Repository/Page_CURA Healthcare Service/a_Login' is clicked on

2023-11-11 18:24:58 - [MESSAGE][PASSED] - Object: 'Object Repository/Page_CURA Healthcare Service/a_Login' is clicked on

2023-11-11 18:24:58 - [TEST_STEP][PASSED] - setText(findTestObject("Page_CURA Healthcare Service/input_Username_username"), "Budi Anduk"): Text 'Budi Anduk' is set on object 'Object Repository/Page_CURA Healthcare Service/input_Username_username'

2023-11-11 18:24:59 - [MESSAGE][PASSED] - Text 'Budi Anduk' is set on object 'Object Repository/Page_CURA Healthcare Service/input_Username_username'

2023-11-11 18:24:59 - [TEST_STEP][PASSED] - setEncryptedText(findTestObject("Page_CURA Healthcare Service/input_Password_password"), "g3/DOGG74jC3Flrr3yH+3D/yKbOqqUNM"): Text ****** has been set on object 'Object Repository/Page_CURA Healthcare Service/input_Password_password'

2023-11-11 18:24:59 - [MESSAGE][PASSED] - Text ****** has been set on object 'Object Repository/Page_CURA Healthcare Service/input_Password_password'

2023-11-11 18:24:59 - [TEST_STEP][PASSED] - click(findTestObject("Page_CURA Healthcare Service/button_Login")): Object: 'Object Repository/Page_CURA Healthcare Service/button_Login' is clicked on

2023-11-11 18:25:00 - [MESSAGE][PASSED] - Object: 'Object Repository/Page_CURA Healthcare Service/button_Login' is clicked on]]></system-out>
         <system-err><![CDATA[]]></system-err>
      </testcase>
      <testcase name="Test Cases/Healthcare/Homepage" time="9.34" classname="Test Cases/Healthcare/Homepage" status="PASSED">
         <system-out><![CDATA[2023-11-11 18:25:00 - [TEST_CASE][PASSED] - Test Cases/Healthcare/Homepage: Test Cases/Healthcare/Homepage

2023-11-11 18:25:00 - [TEST_STEP][PASSED] - openBrowser(""): Browser is opened with url: ''

2023-11-11 18:25:00 - [MESSAGE][WARNING] - A browser is already opened. Closing browser and opening a new one

2023-11-11 18:25:01 - [MESSAGE][INFO] - Starting 'Firefox' driver

2023-11-11 18:25:01 - [MESSAGE][INFO] - Action delay is set to 0 milliseconds

2023-11-11 18:25:04 - [MESSAGE][PASSED] - Browser is opened with url: ''

2023-11-11 18:25:04 - [TEST_STEP][PASSED] - navigateToUrl("https://katalon-demo-cura.herokuapp.com/"): Navigate to 'https://katalon-demo-cura.herokuapp.com/' successfully

2023-11-11 18:25:09 - [MESSAGE][PASSED] - Navigate to 'https://katalon-demo-cura.herokuapp.com/' successfully]]></system-out>
         <system-err><![CDATA[]]></system-err>
      </testcase>
      <system-out><![CDATA[2023-11-11 18:24:24 - [TEST_SUITE][PASSED] - TSHealth3: Test Cases/Healthcare/Homepage]]></system-out>
      <system-err><![CDATA[]]></system-err>
   </testsuite>
</testsuites>
